<?xml version="1.0" encoding="UTF-8"?>
<!-- Generated by org.testng.reporters.JUnitReportReporter -->
<testsuite hostname="aaron-PC" name="Hanqing.Android.AppTest" tests="1" failures="0" timestamp="14 Nov 2014 06:57:22 GMT" time="50.875" errors="0">
  <testcase name="test_contactManager" time="50.875" classname="Hanqing.Android.AppTest"/>
</testsuite> <!-- Hanqing.Android.AppTest -->
